<?xml version="1.0" encoding="UTF-8"?>
<!-- Generated by org.testng.reporters.JUnitReportReporter -->
<testsuite skipped="0" hostname="LAPTOP-E2FFA7B3" name="facebookbytestNG" tests="1" failures="0" timestamp="2019-08-29T12:02:43 IST" time="4.802" errors="0">
  <testcase name="testcase1" time="4.802" classname="facebookbytestNG"/>
</testsuite> <!-- facebookbytestNG -->
